Setting log file to Log_4_4_grid_Max_Step_14.log
Setting parameter 'RelGap' to 0
Model fingerprint: 583979e3

Using Cardinal Optimizer v7.0.3 on Windows
Hardware has 14 cores and 20 threads. Using instruction set X86_AVX2 (10)
Minimizing a MIP problem

The original problem has:
    94292 rows, 50176 columns and 848962 non-zero elements
    50176 binaries

Presolving the problem

The presolved problem has:
    1924 rows, 6204 columns and 25396 non-zero elements
    6204 binaries

Starting the MIP solver with 20 threads and 64 tasks

     Nodes    Active  LPit/n  IntInf     BestBound  BestSolution    Gap   Time
         0         1      --       0  0.000000e+00            --    Inf  9.69s
H        0         1      --       0  0.000000e+00  1.300000e+01 100.0% 17.10s
         0         1      --     258  6.914530e+00  1.300000e+01  46.8% 17.53s
         0         1      --     316  7.631286e+00  1.300000e+01  41.3% 18.26s
         0         1      --     340  7.848308e+00  1.300000e+01  39.6% 18.59s
         0         1      --     413  7.868959e+00  1.300000e+01  39.5% 18.81s
         0         1      --     489  7.911833e+00  1.300000e+01  39.1% 19.34s
         0         1      --     469  7.980363e+00  1.300000e+01  38.6% 19.87s
         0         1      --     460  8.050231e+00  1.300000e+01  38.1% 20.37s
         0         1      --     478  8.084332e+00  1.300000e+01  37.8% 20.77s
         0         1      --     482  8.091996e+00  1.300000e+01  37.8% 21.10s
         0         1      --     514  8.123636e+00  1.300000e+01  37.5% 21.49s
         0         1      --     548  8.136655e+00  1.300000e+01  37.4% 21.79s
         0         1      --     517  8.141396e+00  1.300000e+01  37.4% 22.07s
         0         1      --     504  8.151042e+00  1.300000e+01  37.3% 22.82s

     Nodes    Active  LPit/n  IntInf     BestBound  BestSolution    Gap   Time
         0         1      --     526  8.151191e+00  1.300000e+01  37.3% 23.14s
         0         1      --     534  8.182246e+00  1.300000e+01  37.1% 23.63s
         0         1      --     560  8.209535e+00  1.300000e+01  36.8% 24.19s
         0         1      --     553  8.229894e+00  1.300000e+01  36.7% 24.45s
         0         1      --     564  8.235674e+00  1.300000e+01  36.6% 24.81s
         0         1      --     568  8.267921e+00  1.300000e+01  36.4% 25.19s
         0         1      --     562  8.277382e+00  1.300000e+01  36.3% 25.65s
         0         1      --     572  8.285843e+00  1.300000e+01  36.3% 26.20s
         0         1      --     545  8.304960e+00  1.300000e+01  36.1% 26.38s
         0         1      --     525  8.333296e+00  1.300000e+01  35.9% 26.58s
         0         1      --     519  8.352713e+00  1.300000e+01  35.7% 26.75s
         0         1      --     515  8.359717e+00  1.300000e+01  35.7% 26.92s
         0         1      --     536  8.364796e+00  1.300000e+01  35.7% 27.08s
         0         1      --     568  8.397327e+00  1.300000e+01  35.4% 27.29s
         0         1      --     591  8.398336e+00  1.300000e+01  35.4% 27.43s

     Nodes    Active  LPit/n  IntInf     BestBound  BestSolution    Gap   Time
         0         1      --     616  8.402161e+00  1.300000e+01  35.4% 27.63s
         0         1      --     565  8.513218e+00  1.300000e+01  34.5% 28.04s
         0         1      --     565  8.513218e+00  1.300000e+01  34.5% 28.04s
         0         1      --     521  8.524802e+00  1.300000e+01  34.4% 28.52s
         0         1      --     589  8.528710e+00  1.300000e+01  34.4% 28.67s
         0         1      --     559  8.542570e+00  1.300000e+01  34.3% 28.83s
         0         1      --     608  8.558515e+00  1.300000e+01  34.2% 29.00s
         0         1      --     581  8.563682e+00  1.300000e+01  34.1% 29.23s
         0         1      --     581  8.564180e+00  1.300000e+01  34.1% 29.39s
         0         1      --     603  8.564414e+00  1.300000e+01  34.1% 29.65s
         0         1      --     598  8.569111e+00  1.300000e+01  34.1% 29.92s
         0         1      --     609  8.569125e+00  1.300000e+01  34.1% 30.34s
         0         1      --     680  8.570528e+00  1.300000e+01  34.1% 30.65s
         0         1      --     673  8.570637e+00  1.300000e+01  34.1% 30.89s
         0         1      --     676  8.570709e+00  1.300000e+01  34.1% 31.09s

     Nodes    Active  LPit/n  IntInf     BestBound  BestSolution    Gap   Time
         0         1      --     647  8.576217e+00  1.300000e+01  34.0% 31.47s
         0         1      --     657  8.579619e+00  1.300000e+01  34.0% 31.67s
         0         1      --     627  8.581208e+00  1.300000e+01  34.0% 31.95s
         0         1      --     639  8.581303e+00  1.300000e+01  34.0% 32.13s
         0         1      --     549  8.607707e+00  1.300000e+01  33.8% 32.37s
         0         1      --     642  8.615846e+00  1.300000e+01  33.7% 32.53s
         0         1      --     628  8.620741e+00  1.300000e+01  33.7% 32.69s
         0         1      --     628  8.620741e+00  1.300000e+01  33.7% 32.83s
         0         1      --     661  8.623682e+00  1.300000e+01  33.7% 32.99s
         0         1      --     658  8.623691e+00  1.300000e+01  33.7% 33.18s
         0         1      --     657  8.623737e+00  1.300000e+01  33.7% 33.35s
         0         1      --     630  8.626443e+00  1.300000e+01  33.6% 33.52s
         0         1      --     630  8.626443e+00  1.300000e+01  33.6% 33.68s
         0         1      --     536  8.682847e+00  1.300000e+01  33.2% 35.21s
         0         1      --     536  8.682847e+00  1.300000e+01  33.2% 35.22s

     Nodes    Active  LPit/n  IntInf     BestBound  BestSolution    Gap   Time
         0         1      --     605  8.683848e+00  1.300000e+01  33.2% 35.68s
         0         1      --     495  8.694614e+00  1.300000e+01  33.1% 35.87s
         0         1      --     495  8.694614e+00  1.300000e+01  33.1% 35.87s
         0         1      --     609  8.705984e+00  1.300000e+01  33.0% 36.41s
         0         1      --     608  8.710058e+00  1.300000e+01  33.0% 36.59s
         0         1      --     608  8.710058e+00  1.300000e+01  33.0% 36.60s
         0         1      --     548  8.723541e+00  1.300000e+01  32.9% 36.91s
         0         1      --     548  8.723541e+00  1.300000e+01  32.9% 36.91s
         0         1      --     611  8.732153e+00  1.300000e+01  32.8% 37.09s
         0         1      --     606  8.732540e+00  1.300000e+01  32.8% 37.11s
         1         2    5757     606  8.732540e+00  1.300000e+01  32.8% 38.09s
         1         2    5757     606  8.732540e+00  1.300000e+01  32.8% 38.09s

Best solution   : 13.000000000
Best bound      : 8.732540290
Best gap        : 32.8266%
Solve time      : 38.10
Solve node      : 1
MIP status      : stopped (user interrupt)
Solution status : integer feasible
Setting log file to Log_4_4_grid_Max_Step_14.log
Setting parameter 'RelGap' to 0
Model fingerprint: 583979e3

Using Cardinal Optimizer v7.0.3 on Windows
Hardware has 14 cores and 20 threads. Using instruction set X86_AVX2 (10)
Minimizing a MIP problem

The original problem has:
    94292 rows, 50176 columns and 848962 non-zero elements
    50176 binaries

Presolving the problem

The presolved problem has:
    1924 rows, 6204 columns and 25396 non-zero elements
    6204 binaries

Starting the MIP solver with 20 threads and 64 tasks

     Nodes    Active  LPit/n  IntInf     BestBound  BestSolution    Gap   Time
         0         1      --       0  0.000000e+00            --    Inf  9.43s
H        0         1      --       0  0.000000e+00  1.300000e+01 100.0% 15.42s
         0         1      --     258  6.914530e+00  1.300000e+01  46.8% 15.74s
         0         1      --     316  7.631286e+00  1.300000e+01  41.3% 16.22s
         0         1      --     340  7.848308e+00  1.300000e+01  39.6% 16.39s
         0         1      --     413  7.868959e+00  1.300000e+01  39.5% 16.52s
         0         1      --     489  7.911833e+00  1.300000e+01  39.1% 16.71s
         0         1      --     469  7.980363e+00  1.300000e+01  38.6% 16.92s
         0         1      --     460  8.050231e+00  1.300000e+01  38.1% 17.25s
         0         1      --     478  8.084332e+00  1.300000e+01  37.8% 17.64s
         0         1      --     482  8.091996e+00  1.300000e+01  37.8% 17.99s
         0         1      --     514  8.123636e+00  1.300000e+01  37.5% 18.33s
         0         1      --     548  8.136655e+00  1.300000e+01  37.4% 18.60s
         0         1      --     517  8.141396e+00  1.300000e+01  37.4% 18.85s
         0         1      --     504  8.151042e+00  1.300000e+01  37.3% 19.28s

     Nodes    Active  LPit/n  IntInf     BestBound  BestSolution    Gap   Time
         0         1      --     526  8.151191e+00  1.300000e+01  37.3% 19.63s
         0         1      --     534  8.182246e+00  1.300000e+01  37.1% 20.05s
         0         1      --     560  8.209535e+00  1.300000e+01  36.8% 20.61s
         0         1      --     553  8.229894e+00  1.300000e+01  36.7% 20.91s
         0         1      --     564  8.235674e+00  1.300000e+01  36.6% 21.25s
         0         1      --     568  8.267921e+00  1.300000e+01  36.4% 21.59s
         0         1      --     562  8.277382e+00  1.300000e+01  36.3% 21.97s
         0         1      --     572  8.285843e+00  1.300000e+01  36.3% 22.33s
         0         1      --     545  8.304960e+00  1.300000e+01  36.1% 22.52s
         0         1      --     525  8.333296e+00  1.300000e+01  35.9% 22.72s
         0         1      --     519  8.352713e+00  1.300000e+01  35.7% 22.86s
         0         1      --     515  8.359717e+00  1.300000e+01  35.7% 23.03s
         0         1      --     536  8.364796e+00  1.300000e+01  35.7% 23.19s
         0         1      --     568  8.397327e+00  1.300000e+01  35.4% 23.43s
         0         1      --     591  8.398336e+00  1.300000e+01  35.4% 23.58s

     Nodes    Active  LPit/n  IntInf     BestBound  BestSolution    Gap   Time
         0         1      --     616  8.402161e+00  1.300000e+01  35.4% 23.77s
         0         1      --     565  8.513218e+00  1.300000e+01  34.5% 24.00s
         0         1      --     565  8.513218e+00  1.300000e+01  34.5% 24.00s
         0         1      --     521  8.524802e+00  1.300000e+01  34.4% 24.46s
         0         1      --     589  8.528710e+00  1.300000e+01  34.4% 24.59s
         0         1      --     559  8.542570e+00  1.300000e+01  34.3% 24.78s
         0         1      --     608  8.558515e+00  1.300000e+01  34.2% 24.94s
         0         1      --     581  8.563682e+00  1.300000e+01  34.1% 25.13s
         0         1      --     581  8.564180e+00  1.300000e+01  34.1% 25.30s
         0         1      --     603  8.564414e+00  1.300000e+01  34.1% 25.47s
         0         1      --     598  8.569111e+00  1.300000e+01  34.1% 25.65s
         0         1      --     609  8.569125e+00  1.300000e+01  34.1% 25.82s
         0         1      --     680  8.570528e+00  1.300000e+01  34.1% 25.99s
         0         1      --     673  8.570637e+00  1.300000e+01  34.1% 26.21s
         0         1      --     676  8.570709e+00  1.300000e+01  34.1% 26.38s

     Nodes    Active  LPit/n  IntInf     BestBound  BestSolution    Gap   Time
         0         1      --     647  8.576217e+00  1.300000e+01  34.0% 26.61s
         0         1      --     657  8.579619e+00  1.300000e+01  34.0% 26.79s
         0         1      --     627  8.581208e+00  1.300000e+01  34.0% 26.99s
         0         1      --     639  8.581303e+00  1.300000e+01  34.0% 27.15s
         0         1      --     549  8.607707e+00  1.300000e+01  33.8% 27.37s
         0         1      --     642  8.615846e+00  1.300000e+01  33.7% 27.53s
         0         1      --     628  8.620741e+00  1.300000e+01  33.7% 27.70s
         0         1      --     628  8.620741e+00  1.300000e+01  33.7% 27.83s
         0         1      --     661  8.623682e+00  1.300000e+01  33.7% 27.99s
         0         1      --     658  8.623691e+00  1.300000e+01  33.7% 28.18s
         0         1      --     657  8.623737e+00  1.300000e+01  33.7% 28.34s
         0         1      --     630  8.626443e+00  1.300000e+01  33.6% 28.51s
         0         1      --     630  8.626443e+00  1.300000e+01  33.6% 28.69s
         0         1      --     536  8.682847e+00  1.300000e+01  33.2% 29.84s
         0         1      --     536  8.682847e+00  1.300000e+01  33.2% 29.85s

     Nodes    Active  LPit/n  IntInf     BestBound  BestSolution    Gap   Time
         0         1      --     605  8.683848e+00  1.300000e+01  33.2% 30.31s
         0         1      --     495  8.694614e+00  1.300000e+01  33.1% 30.49s
         0         1      --     495  8.694614e+00  1.300000e+01  33.1% 30.50s
         0         1      --     609  8.705984e+00  1.300000e+01  33.0% 31.00s
         0         1      --     608  8.710058e+00  1.300000e+01  33.0% 31.18s
         0         1      --     608  8.710058e+00  1.300000e+01  33.0% 31.19s
         0         1      --     548  8.723541e+00  1.300000e+01  32.9% 31.52s
         0         1      --     548  8.723541e+00  1.300000e+01  32.9% 31.52s
         0         1      --     611  8.732153e+00  1.300000e+01  32.8% 31.72s
         0         1      --     606  8.732540e+00  1.300000e+01  32.8% 31.75s
         1         2    5757     606  8.732540e+00  1.300000e+01  32.8% 32.78s
         2         2    2986     568  9.099906e+00  1.300000e+01  30.0% 33.52s
         3         2    2216     606  9.099906e+00  1.300000e+01  30.0% 33.52s
         4         2    1751     509  9.411862e+00  1.300000e+01  27.6% 34.25s
         5         3    1585     186  9.411862e+00  1.300000e+01  27.6% 34.25s

     Nodes    Active  LPit/n  IntInf     BestBound  BestSolution    Gap   Time
         6         3    1377     476  9.521010e+00  1.300000e+01  26.8% 35.03s
         7         2    1180     186  9.521010e+00  1.300000e+01  26.8% 35.03s
         8         2    1149     408  9.521010e+00  1.300000e+01  26.8% 35.03s
         9         0    1098     476  9.651109e+00  1.300000e+01  25.8% 35.68s
        10         2    1009     471  9.651109e+00  1.300000e+01  25.8% 35.68s
        20         3   709.1     360  1.023544e+01  1.300000e+01  21.3% 38.14s
        30         1   591.0     569  1.045203e+01  1.300000e+01  19.6% 43.11s
        38         0   509.8     372  1.300000e+01  1.300000e+01  0.00% 46.01s

Best solution   : 13.000000000
Best bound      : 13.000000000
Best gap        : 0.0000%
Solve time      : 46.02
Solve node      : 38
MIP status      : solved
Solution status : integer optimal (relative gap limit 0)

Violations      :     absolute     relative
  bounds        :            0            0
  rows          :            0            0
  integrality   :            0
